(---------------------------------------------------------------------)
(                                                                     )
(    NC DRILL Log                                                     )
(                                                                     )
(    Drawing          : ECG_v5.brd                                    )
(    Software Version : 17.2P019                                      )
(    Date/Time        : Sat Jan 27 12:24:53 2024                      )
(                                                                     )
(---------------------------------------------------------------------)



 Processing NC Parameters file 'nc_param.txt' ...

 NC PARAMETERS
 -------------

 FORMAT   		3.3
 MACHINE-OFFSET		x:0.00000	y:0.00000   (mm)
 FEEDRATE		1
 COORDINATES		ABSOLUTE
 OUTPUT-UNITS		METRIC
 TOOL-ORDER		INCREASING
 REPEAT-CODES		NO
 SUPPRESS-LEAD-ZEROES	YES
 SUPPRESS-TRAIL-ZEROES	NO
 SUPPRESS-EQUAL		NO
 TOOL-SELECT		YES
 HEADER			none
 LEADER			12
 CODE			ASCII
 SEPARATE		YES
 SEPARATE-ROUTING	NO
 OPTIMIZE_DRILLING	NO
 ENHANCED_EXCELLON	YES
 SCALE			1.000000

 WARNING(SPMHMF-360): Design precision is greater than that of the drill output file data.
 WARNING(SPMHMF-361): Data rounding errors are very possible.
 WARNING(SPMHMF-365): This design contains 4 slot holes that can NOT be drilled.
 WARNING(SPMHMF-366): They can be processed by NC routing instead.
 WARNING(SPMHMF-368): Cannot find NC Drill tool file 'nc_tools.txt'
 WARNING(SPMHMF-369): ... will auto-generate tool file 'nc_tools_auto.txt'.


     Auto-generating tool file 'nc_tools_auto.txt' ...

           Size  Plating  Tool        + Tolerance  - Tolerance

         0.3000  P        T01            0.000000     0.000000
         0.7620  P        T02            0.000000     0.000000
         0.8382  P        T03            0.000000     0.000000
         0.9000  P        T04            0.000000     0.000000
         1.1001  P        T05            0.000000     0.000000
         3.0000  N        T06            0.000000     0.000000


 Drill files being output to directory 'C:/Temp/ECG/allegro' ...



     'ECG_v5-1-2.drl' created for holes connecting TOP and BOTTOM ; Plating = PLATED
     -------------------------------------------------------------------------------

     Tool  Num     Size      +/- Tolerance     Plating   Quantity

     T01    1.   0.3000    0.0000/  0.0000      PLATED         73
     T02    2.   0.7620    0.0000/  0.0000      PLATED          2
     T03    3.   0.8382    0.0000/  0.0000      PLATED          2
     T04    4.   0.9000    0.0000/  0.0000      PLATED          2
     T05    5.   1.1001    0.0000/  0.0000      PLATED          8

     ---- Total holes:                                         87

     ---- Total head travel:              1.73 feet (0.53 meters)




     'ECG_v5-1-2-np.drl' created for holes connecting TOP and BOTTOM ; Plating = NON_PLATED
     --------------------------------------------------------------------------------------

     Tool  Num     Size      +/- Tolerance     Plating   Quantity

     T06    1.   3.0000    0.0000/  0.0000  NON_PLATED          2

     ---- Total holes:                                          2

     ---- Total head travel:              0.14 feet (0.04 meters)

